<?xml version="1.0" encoding="UTF-8"?>
<!-- Generated by org.testng.reporters.JUnitReportReporter -->
<testsuite hostname="KonvictBibhu" failures="0" tests="1" name="utilitiesFunctions.CommonUtilities" time="9.975" errors="0" timestamp="04 May 2019 10:41:06 GMT" skipped="0">
  <testcase classname="utilitiesFunctions.CommonUtilities" name="driverInit" time="9.975"/>
</testsuite> <!-- utilitiesFunctions.CommonUtilities -->
